<?xml version="1.0" encoding="UTF-8"?>
<testng-results skipped="0" failed="0" total="1" passed="1">
  <reporter-output>
  </reporter-output>
  <suite name="Default suite" duration-ms="10187" started-at="2020-03-07T15:42:17Z" finished-at="2020-03-07T15:42:28Z">
    <groups>
    </groups>
    <test name="Default test" duration-ms="10187" started-at="2020-03-07T15:42:17Z" finished-at="2020-03-07T15:42:28Z">
      <class name="com.midtrans.demo.testcases.ProductPurchaseTest">
        <test-method status="PASS" signature="setup()[pri:0, instance:com.midtrans.demo.testcases.ProductPurchaseTest@3701eaf6]" name="setup" is-config="true" duration-ms="4966" started-at="2020-03-07T21:12:17Z" finished-at="2020-03-07T21:12:22Z">
          <reporter-output>
          </reporter-output>
        </test-method> <!-- setup -->
        <test-method status="PASS" signature="ProductPurchaseSuccessFlowTest(java.lang.String, java.lang.String, java.lang.String, java.lang.String, java.lang.String, java.lang.String)[pri:0, instance:com.midtrans.demo.testcases.ProductPurchaseTest@3701eaf6]" name="ProductPurchaseSuccessFlowTest" duration-ms="4878" started-at="2020-03-07T21:12:23Z" data-provider="addCustomerDetails" finished-at="2020-03-07T21:12:27Z">
          <params>
            <param index="0">
              <value>
                <![CDATA[nilesh1]]>
              </value>
            </param>
            <param index="1">
              <value>
                <![CDATA[test1@gmail.com]]>
              </value>
            </param>
            <param index="2">
              <value>
                <![CDATA[1236627372]]>
              </value>
            </param>
            <param index="3">
              <value>
                <![CDATA[India]]>
              </value>
            </param>
            <param index="4">
              <value>
                <![CDATA[Pune,Maharshtra,India]]>
              </value>
            </param>
            <param index="5">
              <value>
                <![CDATA[6734732]]>
              </value>
            </param>
          </params>
          <reporter-output>
          </reporter-output>
        </test-method> <!-- ProductPurchaseSuccessFlowTest -->
        <test-method status="PASS" signature="tearDown()[pri:0, instance:com.midtrans.demo.testcases.ProductPurchaseTest@3701eaf6]" name="tearDown" is-config="true" duration-ms="137" started-at="2020-03-07T21:12:27Z" finished-at="2020-03-07T21:12:28Z">
          <reporter-output>
          </reporter-output>
        </test-method> <!-- tearDown -->
      </class> <!-- com.midtrans.demo.testcases.ProductPurchaseTest -->
    </test> <!-- Default test -->
  </suite> <!-- Default suite -->
</testng-results>
